<?xml version="1.0" encoding="UTF-8"?>
<!-- Generated by org.testng.reporters.JUnitReportReporter -->
<testsuite hostname="DESKTOP-E4KIOHC" failures="0" tests="1" name="differentWaysToPassBody.RawData" time="10.503" errors="0" timestamp="2024-12-14T17:46:13 IST" skipped="0">
  <testcase classname="differentWaysToPassBody.RawData" name="createUser" time="10.503"/>
</testsuite> <!-- differentWaysToPassBody.RawData -->
