<?xml version="1.0" encoding="UTF-8"?>
<!-- Generated by org.testng.reporters.JUnitReportReporter -->
<testsuite hostname="DESKTOP-E4KIOHC" failures="0" tests="1" name="differentWaysToPassBody.UsingExternalFile" time="10.607" errors="0" timestamp="2024-12-14T18:48:37 IST" skipped="0">
  <testcase classname="differentWaysToPassBody.UsingExternalFile" name="createUser" time="10.607"/>
</testsuite> <!-- differentWaysToPassBody.UsingExternalFile -->
