<?xml version="1.0" encoding="UTF-8"?>
<!-- Generated by org.testng.reporters.JUnitReportReporter -->
<testsuite hostname="DESKTOP-E4KIOHC" failures="0" tests="4" name="petStore.Pet" time="14.597" errors="0" timestamp="2024-12-15T00:35:24 IST" skipped="0">
  <testcase classname="petStore.Pet" name="createPet" time="11.141"/>
  <testcase classname="petStore.Pet" name="getPet" time="1.165"/>
  <testcase classname="petStore.Pet" name="updatePet" time="1.153"/>
  <testcase classname="petStore.Pet" name="deletePet" time="1.138"/>
</testsuite> <!-- petStore.Pet -->
