<?xml version="1.0" encoding="UTF-8"?>
<!-- Generated by org.testng.reporters.JUnitReportReporter -->
<testsuite hostname="DESKTOP-E4KIOHC" failures="0" tests="1" name="gitHub.RepoChaining" time="8.438" errors="0" timestamp="2024-12-16T02:17:51 IST" skipped="0">
  <testcase classname="gitHub.RepoChaining" name="createRepo" time="8.438"/>
</testsuite> <!-- gitHub.RepoChaining -->
