<?xml version="1.0" encoding="UTF-8"?>
<!-- Generated by org.testng.reporters.JUnitReportReporter -->
<testsuite hostname="DESKTOP-E4KIOHC" failures="0" tests="2" name="gitHub.HowToCaptureSingleData" time="5.703" errors="0" timestamp="2024-12-16T00:06:15 IST" skipped="0">
  <testcase classname="gitHub.HowToCaptureSingleData" name="createRepo" time="5.171"/>
  <testcase classname="gitHub.HowToCaptureSingleData" name="deleteRepo" time="0.532"/>
</testsuite> <!-- gitHub.HowToCaptureSingleData -->
