<?xml version="1.0" encoding="UTF-8"?>
<!-- Generated by org.testng.reporters.JUnitReportReporter -->
<testsuite hostname="DESKTOP-E4KIOHC" failures="0" tests="1" name="differentWaysToPassBody.UsingHashMap" time="3.581" errors="0" timestamp="2024-12-14T19:24:42 IST" skipped="0">
  <testcase classname="differentWaysToPassBody.UsingHashMap" name="creatUser" time="3.581"/>
</testsuite> <!-- differentWaysToPassBody.UsingHashMap -->
