<?xml version="1.0" encoding="UTF-8"?>
<!-- Generated by org.testng.reporters.JUnitReportReporter -->
<testsuite hostname="DESKTOP-E4KIOHC" failures="0" tests="1" name="differentWaysToPassBody.UsingPOJO" time="3.456" errors="0" timestamp="2024-12-14T19:24:11 IST" skipped="0">
  <testcase classname="differentWaysToPassBody.UsingPOJO" name="createUser" time="3.456"/>
</testsuite> <!-- differentWaysToPassBody.UsingPOJO -->
