<?xml version="1.0" encoding="UTF-8"?>
<!-- Generated by org.testng.reporters.JUnitReportReporter -->
<testsuite hostname="DESKTOP-E4KIOHC" failures="0" tests="7" name="reqres.Users" time="8.677" errors="0" timestamp="2024-12-14T20:50:30 IST" skipped="0">
  <testcase classname="reqres.Users" name="createUser" time="6.593"/>
  <testcase classname="reqres.Users" name="getSingleUser" time="0.218"/>
  <testcase classname="reqres.Users" name="listUsers" time="0.164"/>
  <testcase classname="reqres.Users" name="noUserFound" time="0.247"/>
  <testcase classname="reqres.Users" name="updateUser" time="0.646"/>
  <testcase classname="reqres.Users" name="updateUserPatch" time="0.396"/>
  <testcase classname="reqres.Users" name="deleteUser" time="0.413"/>
</testsuite> <!-- reqres.Users -->
