<?xml version="1.0" encoding="UTF-8"?>
<!-- Generated by org.testng.reporters.JUnitReportReporter -->
<testsuite hostname="DESKTOP-E4KIOHC" failures="0" tests="1" name="gitHub.Repos" time="6.142" errors="0" timestamp="2024-12-15T23:06:37 IST" skipped="0">
  <testcase classname="gitHub.Repos" name="createRepo1" time="6.142"/>
</testsuite> <!-- gitHub.Repos -->
